<?xml version="1.0" encoding="UTF-8"?>
<testsuite name="easy.TwoSumTest" tests="1" skipped="0" failures="0" errors="0" timestamp="2020-03-21T06:12:26" hostname="Daniels-MBP.lan" time="0.006">
  <properties/>
  <testcase name="test1" classname="easy.TwoSumTest" time="0.006"/>
  <system-out><![CDATA[]]></system-out>
  <system-err><![CDATA[]]></system-err>
</testsuite>
