<?xml version="1.0" encoding="UTF-8"?>
<testsuite name="easy.TwoSumTest" tests="1" skipped="0" failures="0" errors="0" timestamp="2022-05-12T03:39:39" hostname="Section31-64.localdomain" time="0.003">
  <properties/>
  <testcase name="test1" classname="easy.TwoSumTest" time="0.003"/>
  <system-out><![CDATA[]]></system-out>
  <system-err><![CDATA[]]></system-err>
</testsuite>
